TN:
SF:src/pocketsync/utils.ts
FN:24,mapRawEpisode
FN:68,isConsidered
FN:72,formatDuration
FN:80,formatDate
FN:86,progressPct
FN:91,podcastImageUrl
FNF:6
FNH:6
FNDA:4,mapRawEpisode
FNDA:5,isConsidered
FNDA:6,formatDuration
FNDA:2,formatDate
FNDA:6,progressPct
FNDA:2,podcastImageUrl
DA:1,1
DA:24,1
DA:25,4
DA:68,1
DA:69,5
DA:72,1
DA:73,6
DA:74,5
DA:75,5
DA:76,5
DA:77,2
DA:80,1
DA:81,2
DA:82,1
DA:83,1
DA:86,1
DA:87,6
DA:88,4
DA:91,1
DA:92,2
LF:20
LH:20
BRDA:26,0,0,1
BRDA:26,0,1,3
BRDA:26,1,0,4
BRDA:26,1,1,4
BRDA:27,2,0,2
BRDA:27,2,1,2
BRDA:27,3,0,4
BRDA:27,3,1,4
BRDA:28,4,0,1
BRDA:28,4,1,3
BRDA:28,5,0,4
BRDA:28,5,1,4
BRDA:29,6,0,1
BRDA:29,6,1,3
BRDA:29,7,0,4
BRDA:29,7,1,4
BRDA:30,8,0,1
BRDA:30,8,1,3
BRDA:30,9,0,4
BRDA:30,9,1,4
BRDA:31,10,0,1
BRDA:31,10,1,3
BRDA:31,11,0,4
BRDA:31,11,1,4
BRDA:32,12,0,1
BRDA:32,12,1,3
BRDA:32,13,0,4
BRDA:32,13,1,4
BRDA:33,14,0,1
BRDA:33,14,1,3
BRDA:33,15,0,4
BRDA:33,15,1,4
BRDA:34,16,0,1
BRDA:34,16,1,3
BRDA:34,17,0,4
BRDA:34,17,1,4
BRDA:35,18,0,1
BRDA:35,18,1,3
BRDA:35,19,0,4
BRDA:35,19,1,4
BRDA:36,20,0,1
BRDA:36,20,1,3
BRDA:36,21,0,4
BRDA:36,21,1,4
BRDA:37,22,0,1
BRDA:37,22,1,3
BRDA:37,23,0,4
BRDA:37,23,1,4
BRDA:38,24,0,1
BRDA:38,24,1,3
BRDA:38,25,0,4
BRDA:38,25,1,4
BRDA:39,26,0,2
BRDA:39,26,1,2
BRDA:39,27,0,4
BRDA:39,27,1,4
BRDA:40,28,0,1
BRDA:40,28,1,3
BRDA:40,29,0,4
BRDA:40,29,1,4
BRDA:41,30,0,1
BRDA:41,30,1,3
BRDA:41,31,0,4
BRDA:41,31,1,4
BRDA:42,32,0,1
BRDA:42,32,1,3
BRDA:42,33,0,4
BRDA:42,33,1,4
BRDA:43,34,0,1
BRDA:43,34,1,3
BRDA:43,35,0,4
BRDA:43,35,1,4
BRDA:69,36,0,5
BRDA:69,36,1,4
BRDA:73,37,0,1
BRDA:73,37,1,5
BRDA:76,38,0,3
BRDA:76,38,1,2
BRDA:81,39,0,1
BRDA:81,39,1,1
BRDA:87,40,0,2
BRDA:87,40,1,4
BRDA:87,41,0,1
BRDA:87,41,1,1
BRDA:91,42,0,1
BRF:85
BRH:85
end_of_record
